<?xml version="1.0" encoding="UTF-8"?>
<testng-results skipped="0" failed="0" ignored="0" total="1" passed="1">
  <reporter-output>
  </reporter-output>
  <suite name="Suite" duration-ms="35086" started-at="2019-06-19T10:48:14Z" finished-at="2019-06-19T10:48:49Z">
    <groups>
    </groups>
    <test name="Test" duration-ms="35086" started-at="2019-06-19T10:48:14Z" finished-at="2019-06-19T10:48:49Z">
      <class name="JenkinsSel.MyFirstJen">
        <test-method status="PASS" signature="login()[pri:0, instance:JenkinsSel.MyFirstJen@9838eb]" name="login" duration-ms="34919" started-at="2019-06-19T10:48:14Z" finished-at="2019-06-19T10:48:49Z">
          <reporter-output>
          </reporter-output>
        </test-method> <!-- login -->
      </class> <!-- JenkinsSel.MyFirstJen -->
    </test> <!-- Test -->
  </suite> <!-- Suite -->
</testng-results>
